
12월 17, 2021 22:34:53.20 NEW SESSION
12월 17, 2021 22:34:53.20 [4164:5616:1217/223453.206:ERROR:chrome_browser_main_extra_parts_metrics.cc(226)] crbug.com/1216328: Checking Bluetooth availability started. Please report if there is no report that this ends.
12월 17, 2021 22:34:53.20 [4164:5616:1217/223453.208:ERROR:chrome_browser_main_extra_parts_metrics.cc(229)] crbug.com/1216328: Checking Bluetooth availability ended.
12월 17, 2021 22:34:53.21 [4164:5616:1217/223453.208:ERROR:chrome_browser_main_extra_parts_metrics.cc(232)] crbug.com/1216328: Checking default browser status started. Please report if there is no report that this ends.
12월 17, 2021 22:34:53.21 [4164:5616:1217/223453.210:ERROR:chrome_browser_main_extra_parts_metrics.cc(236)] crbug.com/1216328: Checking default browser status ended.
12월 17, 2021 22:34:53.26 [4164:3148:1217/223453.268:ERROR:device_event_log_impl.cc(214)] [22:34:53.267] USB: usb_device_handle_win.cc:1048 Failed to read descriptor from node connection: 시스템에 부착된 장치가 작동하지 않습니다. (0x1F)
12월 17, 2021 22:34:53.26 [4164:3148:1217/223453.269:ERROR:device_event_log_impl.cc(214)] [22:34:53.268] USB: usb_device_handle_win.cc:1048 Failed to read descriptor from node connection: 시스템에 부착된 장치가 작동하지 않습니다. (0x1F)
12월 17, 2021 22:34:53.27 [4164:3148:1217/223453.269:ERROR:device_event_log_impl.cc(214)] [22:34:53.268] USB: usb_device_handle_win.cc:1048 Failed to read descriptor from node connection: 시스템에 부착된 장치가 작동하지 않습니다. (0x1F)
12월 17, 2021 22:37:37.85 [4164:18840:1217/223737.853:ERROR:database.cc(1773)] Passwords SQLite error: code 2067 errno 0: UNIQUE constraint failed: logins.origin_url, logins.username_element, logins.username_value, logins.password_element, logins.signon_realm sql: INSERT INTO logins (origin_url, action_url, username_element, username_value, password_element, password_value, submit_element, signon_realm, date_created, blacklisted_by_user, scheme, password_type, times_used, form_data, display_name, icon_url, federation_url, skip_zero_click, generation_upload_status, possible_username_pairs, id, date_last_used, moving_blocked_for, date_password_modified) VALUES (?,?,?,?,?,?,?,?,?,?,?,?,?,?,?,?,?,?,?,?,?,?,?,?)
12월 17, 2021 22:49:31.24 [4164:19532:1217/224931.247:ERROR:database.cc(1773)] Passwords SQLite error: code 2067 errno 0: UNIQUE constraint failed: logins.origin_url, logins.username_element, logins.username_value, logins.password_element, logins.signon_realm sql: INSERT INTO logins (origin_url, action_url, username_element, username_value, password_element, password_value, submit_element, signon_realm, date_created, blacklisted_by_user, scheme, password_type, times_used, form_data, display_name, icon_url, federation_url, skip_zero_click, generation_upload_status, possible_username_pairs, id, date_last_used, moving_blocked_for, date_password_modified) VALUES (?,?,?,?,?,?,?,?,?,?,?,?,?,?,?,?,?,?,?,?,?,?,?,?)

12월 18, 2021 01:50:49.59 NEW SESSION
12월 18, 2021 01:50:49.59 [22896:19536:1218/015049.591:ERROR:chrome_browser_main_extra_parts_metrics.cc(226)] crbug.com/1216328: Checking Bluetooth availability started. Please report if there is no report that this ends.
12월 18, 2021 01:50:49.59 [22896:19536:1218/015049.591:ERROR:chrome_browser_main_extra_parts_metrics.cc(229)] crbug.com/1216328: Checking Bluetooth availability ended.
12월 18, 2021 01:50:49.59 [22896:19536:1218/015049.591:ERROR:chrome_browser_main_extra_parts_metrics.cc(232)] crbug.com/1216328: Checking default browser status started. Please report if there is no report that this ends.
12월 18, 2021 01:50:49.59 [22896:19536:1218/015049.596:ERROR:chrome_browser_main_extra_parts_metrics.cc(236)] crbug.com/1216328: Checking default browser status ended.
12월 18, 2021 01:50:49.62 [22896:22748:1218/015049.620:ERROR:device_event_log_impl.cc(214)] [01:50:49.620] USB: usb_device_handle_win.cc:1048 Failed to read descriptor from node connection: 시스템에 부착된 장치가 작동하지 않습니다. (0x1F)
12월 18, 2021 01:50:49.62 [22896:22748:1218/015049.621:ERROR:device_event_log_impl.cc(214)] [01:50:49.621] USB: usb_device_handle_win.cc:1048 Failed to read descriptor from node connection: 시스템에 부착된 장치가 작동하지 않습니다. (0x1F)
12월 18, 2021 01:51:55.72 [22896:22548:1218/015155.728:ERROR:database.cc(1773)] Passwords SQLite error: code 2067 errno 0: UNIQUE constraint failed: logins.origin_url, logins.username_element, logins.username_value, logins.password_element, logins.signon_realm sql: INSERT INTO logins (origin_url, action_url, username_element, username_value, password_element, password_value, submit_element, signon_realm, date_created, blacklisted_by_user, scheme, password_type, times_used, form_data, display_name, icon_url, federation_url, skip_zero_click, generation_upload_status, possible_username_pairs, id, date_last_used, moving_blocked_for, date_password_modified) VALUES (?,?,?,?,?,?,?,?,?,?,?,?,?,?,?,?,?,?,?,?,?,?,?,?)

12월 21, 2021 17:03:45.85 NEW SESSION
12월 21, 2021 17:03:45.85 [892:19380:1221/170345.854:ERROR:chrome_browser_main_extra_parts_metrics.cc(226)] crbug.com/1216328: Checking Bluetooth availability started. Please report if there is no report that this ends.
12월 21, 2021 17:03:45.85 [892:19380:1221/170345.854:ERROR:chrome_browser_main_extra_parts_metrics.cc(229)] crbug.com/1216328: Checking Bluetooth availability ended.
12월 21, 2021 17:03:45.85 [892:19380:1221/170345.854:ERROR:chrome_browser_main_extra_parts_metrics.cc(232)] crbug.com/1216328: Checking default browser status started. Please report if there is no report that this ends.
12월 21, 2021 17:03:45.86 [892:19380:1221/170345.857:ERROR:chrome_browser_main_extra_parts_metrics.cc(236)] crbug.com/1216328: Checking default browser status ended.
12월 21, 2021 17:03:45.88 [892:19340:1221/170345.887:ERROR:device_event_log_impl.cc(214)] [17:03:45.887] USB: usb_device_handle_win.cc:1048 Failed to read descriptor from node connection: 시스템에 부착된 장치가 작동하지 않습니다. (0x1F)
12월 21, 2021 17:04:43.59 [3004:19332:1221/170443.596:ERROR:device_event_log_impl.cc(214)] [17:04:43.596] USB: usb_device_handle_win.cc:1048 Failed to read descriptor from node connection: 시스템에 부착된 장치가 작동하지 않습니다. (0x1F)
12월 21, 2021 17:04:43.62 [3004:5960:1221/170443.622:ERROR:chrome_browser_main_extra_parts_metrics.cc(226)] crbug.com/1216328: Checking Bluetooth availability started. Please report if there is no report that this ends.
12월 21, 2021 17:04:43.62 [3004:5960:1221/170443.622:ERROR:chrome_browser_main_extra_parts_metrics.cc(229)] crbug.com/1216328: Checking Bluetooth availability ended.
12월 21, 2021 17:04:43.62 [3004:5960:1221/170443.622:ERROR:chrome_browser_main_extra_parts_metrics.cc(232)] crbug.com/1216328: Checking default browser status started. Please report if there is no report that this ends.
12월 21, 2021 17:04:43.63 [3004:5960:1221/170443.636:ERROR:chrome_browser_main_extra_parts_metrics.cc(236)] crbug.com/1216328: Checking default browser status ended.

12월 25, 2021 19:44:48.28 NEW SESSION
12월 25, 2021 19:44:48.30 [968:23796:1225/194448.266:ERROR:chrome_browser_main_extra_parts_metrics.cc(226)] crbug.com/1216328: Checking Bluetooth availability started. Please report if there is no report that this ends.
12월 25, 2021 19:44:48.30 [968:23796:1225/194448.266:ERROR:chrome_browser_main_extra_parts_metrics.cc(229)] crbug.com/1216328: Checking Bluetooth availability ended.
12월 25, 2021 19:44:48.30 [968:23796:1225/194448.266:ERROR:chrome_browser_main_extra_parts_metrics.cc(232)] crbug.com/1216328: Checking default browser status started. Please report if there is no report that this ends.
12월 25, 2021 19:44:48.30 [968:23796:1225/194448.269:ERROR:chrome_browser_main_extra_parts_metrics.cc(236)] crbug.com/1216328: Checking default browser status ended.
12월 25, 2021 19:44:48.30 [968:27744:1225/194448.299:ERROR:device_event_log_impl.cc(214)] [19:44:48.299] USB: usb_device_handle_win.cc:1048 Failed to read descriptor from node connection: 시스템에 부착된 장치가 작동하지 않습니다. (0x1F)
12월 25, 2021 19:44:48.30 [968:27744:1225/194448.300:ERROR:device_event_log_impl.cc(214)] [19:44:48.300] USB: usb_device_handle_win.cc:1048 Failed to read descriptor from node connection: 시스템에 부착된 장치가 작동하지 않습니다. (0x1F)
